[debug] [2025-08-24T14:53:19.112Z] ----------------------------------------------------------------------
[debug] [2025-08-24T14:53:19.114Z] Command:       C:\nvm4w\nodejs\node.exe C:\Users\Lenovo\AppData\Roaming\npm\node_modules\firebase-tools\lib\bin\firebase.js emulators:start --only functions
[debug] [2025-08-24T14:53:19.114Z] CLI Version:   14.14.0
[debug] [2025-08-24T14:53:19.114Z] Platform:      win32
[debug] [2025-08-24T14:53:19.114Z] Node Version:  v22.14.0
[debug] [2025-08-24T14:53:19.115Z] Time:          Sun Aug 24 2025 17:53:19 GMT+0300 (Eastern European Summer Time)
[debug] [2025-08-24T14:53:19.115Z] ----------------------------------------------------------------------
[debug] 
[debug] [2025-08-24T14:53:19.257Z] > command requires scopes: ["email","openid","https://www.googleapis.com/auth/cloudplatformprojects.readonly","https://www.googleapis.com/auth/firebase","https://www.googleapis.com/auth/cloud-platform"]
[debug] [2025-08-24T14:53:19.257Z] > authorizing via signed-in user (tannourychris@gmail.com)
[info] i  emulators: Starting emulators: functions {"metadata":{"emulator":{"name":"hub"},"message":"Starting emulators: functions"}}
[debug] [2025-08-24T14:53:19.268Z] [logging] Logging Emulator only supports listening on one address (127.0.0.1). Not listening on ::1
[debug] [2025-08-24T14:53:19.268Z] assigned listening specs for emulators {"user":{"hub":[{"address":"127.0.0.1","family":"IPv4","port":4400},{"address":"::1","family":"IPv6","port":4400}],"ui":[{"address":"127.0.0.1","family":"IPv4","port":4000},{"address":"::1","family":"IPv6","port":4000}],"logging":[{"address":"127.0.0.1","family":"IPv4","port":4500}]},"metadata":{"message":"assigned listening specs for emulators"}}
[debug] [2025-08-24T14:53:19.271Z] [hub] writing locator at C:\Users\Lenovo\AppData\Local\Temp\hub-contact-app-1ba11.json
[debug] [2025-08-24T14:53:19.284Z] [functions] Functions Emulator only supports listening on one address (127.0.0.1). Not listening on ::1
[debug] [2025-08-24T14:53:19.284Z] [eventarc] Eventarc Emulator only supports listening on one address (127.0.0.1). Not listening on ::1
[debug] [2025-08-24T14:53:19.284Z] [tasks] Cloud Tasks Emulator only supports listening on one address (127.0.0.1). Not listening on ::1
[debug] [2025-08-24T14:53:19.284Z] late-assigned ports for functions and eventarc emulators {"user":{"hub":[{"address":"127.0.0.1","family":"IPv4","port":4400},{"address":"::1","family":"IPv6","port":4400}],"ui":[{"address":"127.0.0.1","family":"IPv4","port":4000},{"address":"::1","family":"IPv6","port":4000}],"logging":[{"address":"127.0.0.1","family":"IPv4","port":4500}],"functions":[{"address":"127.0.0.1","family":"IPv4","port":5001}],"eventarc":[{"address":"127.0.0.1","family":"IPv4","port":9299}],"tasks":[{"address":"127.0.0.1","family":"IPv4","port":9499}]},"metadata":{"message":"late-assigned ports for functions and eventarc emulators"}}
[warn] !  functions: The following emulators are not running, calls to these services from the Functions emulator will affect production: apphosting, auth, firestore, database, hosting, pubsub, storage, dataconnect {"metadata":{"emulator":{"name":"functions"},"message":"The following emulators are not running, calls to these services from the Functions emulator will affect production: \u001b[1mapphosting, auth, firestore, database, hosting, pubsub, storage, dataconnect\u001b[22m"}}
[debug] [2025-08-24T14:53:19.386Z] defaultcredentials: writing to file C:\Users\Lenovo\AppData\Roaming\firebase\tannourychris_gmail_com_application_default_credentials.json
[debug] [2025-08-24T14:53:19.388Z] Setting GAC to C:\Users\Lenovo\AppData\Roaming\firebase\tannourychris_gmail_com_application_default_credentials.json {"metadata":{"emulator":{"name":"functions"},"message":"Setting GAC to C:\\Users\\Lenovo\\AppData\\Roaming\\firebase\\tannourychris_gmail_com_application_default_credentials.json"}}
[debug] [2025-08-24T14:53:19.390Z] Checked if tokens are valid: true, expires at: 1756050355807
[debug] [2025-08-24T14:53:19.390Z] Checked if tokens are valid: true, expires at: 1756050355807
[debug] [2025-08-24T14:53:19.392Z] >>> [apiv2][query] GET https://firebase.googleapis.com/v1beta1/projects/contact-app-1ba11/adminSdkConfig [none]
[debug] [2025-08-24T14:53:20.613Z] <<< [apiv2][status] GET https://firebase.googleapis.com/v1beta1/projects/contact-app-1ba11/adminSdkConfig 200
[debug] [2025-08-24T14:53:20.613Z] <<< [apiv2][body] GET https://firebase.googleapis.com/v1beta1/projects/contact-app-1ba11/adminSdkConfig {"projectId":"contact-app-1ba11","storageBucket":"contact-app-1ba11.firebasestorage.app"}
[info] i  functions: Watching "D:\nahaus\contact-app\functions" for Cloud Functions... {"metadata":{"emulator":{"name":"functions"},"message":"Watching \"D:\\nahaus\\contact-app\\functions\" for Cloud Functions..."}}
[debug] [2025-08-24T14:53:20.649Z] Validating nodejs source
[debug] [2025-08-24T14:53:21.295Z] > [functions] package.json contents: {
  "name": "functions",
  "scripts": {
    "build": "tsc",
    "build:watch": "tsc --watch",
    "serve": "npm run build && firebase emulators:start --only functions",
    "shell": "npm run build && firebase functions:shell",
    "start": "npm run shell",
    "deploy": "firebase deploy --only functions",
    "logs": "firebase functions:log"
  },
  "engines": {
    "node": "22"
  },
  "main": "lib/index.js",
  "dependencies": {
    "cors": "^2.8.5",
    "express": "^5.1.0",
    "firebase-admin": "^12.6.0",
    "firebase-functions": "^6.0.1"
  },
  "devDependencies": {
    "firebase-functions-test": "^3.1.0",
    "typescript": "^5.7.3"
  },
  "private": true
}
[debug] [2025-08-24T14:53:21.295Z] Building nodejs source
[debug] [2025-08-24T14:53:21.296Z] Failed to find version of module node: reached end of search path D:\nahaus\contact-app\functions\node_modules
[info] +  functions: Using node@22 from host. 
[debug] [2025-08-24T14:53:21.298Z] Could not find functions.yaml. Must use http discovery
[debug] [2025-08-24T14:53:21.302Z] Found firebase-functions binary at 'D:\nahaus\contact-app\functions\node_modules\.bin\firebase-functions'
[info] Serving at port 8605

[debug] [2025-08-24T14:53:21.734Z] Got response from /__/functions.yaml {"endpoints":{"helloWorldReq":{"availableMemoryMb":null,"timeoutSeconds":null,"minInstances":null,"maxInstances":null,"ingressSettings":null,"concurrency":null,"serviceAccountEmail":null,"vpc":null,"platform":"gcfv2","labels":{},"httpsTrigger":{},"entryPoint":"helloWorldReq"},"helloWorldCall":{"availableMemoryMb":null,"timeoutSeconds":null,"minInstances":null,"maxInstances":null,"ingressSettings":null,"concurrency":null,"serviceAccountEmail":null,"vpc":null,"platform":"gcfv2","labels":{},"callableTrigger":{},"entryPoint":"helloWorldCall"}},"specVersion":"v1alpha1","requiredAPIs":[],"extensions":{}}
[info] +  functions: Loaded functions definitions from source: helloWorldReq, helloWorldCall. {"metadata":{"emulator":{"name":"functions"},"message":"Loaded functions definitions from source: helloWorldReq, helloWorldCall."}}
[info] +  functions[us-central1-helloWorldReq]: http function initialized (http://127.0.0.1:5001/contact-app-1ba11/us-central1/helloWorldReq). {"metadata":{"emulator":{"name":"functions"},"message":"\u001b[1mhttp\u001b[22m function initialized (http://127.0.0.1:5001/contact-app-1ba11/us-central1/helloWorldReq)."}}
[info] +  functions[us-central1-helloWorldCall]: http function initialized (http://127.0.0.1:5001/contact-app-1ba11/us-central1/helloWorldCall). {"metadata":{"emulator":{"name":"functions"},"message":"\u001b[1mhttp\u001b[22m function initialized (http://127.0.0.1:5001/contact-app-1ba11/us-central1/helloWorldCall)."}}
[debug] [2025-08-24T14:53:25.770Z] Could not find VSCode notification endpoint: FetchError: request to http://localhost:40001/vscode/notify failed, reason: . If you are not running the Firebase Data Connect VSCode extension, this is expected and not an issue.
[info] 
┌─────────────────────────────────────────────────────────────┐
│ ✔  All emulators ready! It is now safe to connect your app. │
│ i  View Emulator UI at http://127.0.0.1:4000/               │
└─────────────────────────────────────────────────────────────┘

┌───────────┬────────────────┬─────────────────────────────────┐
│ Emulator  │ Host:Port      │ View in Emulator UI             │
├───────────┼────────────────┼─────────────────────────────────┤
│ Functions │ 127.0.0.1:5001 │ http://127.0.0.1:4000/functions │
└───────────┴────────────────┴─────────────────────────────────┘
  Emulator Hub host: 127.0.0.1 port: 4400
  Other reserved ports: 4500

Issues? Report them at https://github.com/firebase/firebase-tools/issues and attach the *-debug.log files.
 
[debug] [2025-08-24T14:53:34.789Z] [work-queue] {"queuedWork":["/contact-app-1ba11/us-central1/helloWorldReq-2025-08-24T14:53:34.789Z"],"queueLength":1,"runningWork":[],"workRunningCount":0}
[debug] [2025-08-24T14:53:34.790Z] [work-queue] {"queuedWork":[],"queueLength":0,"runningWork":["/contact-app-1ba11/us-central1/helloWorldReq-2025-08-24T14:53:34.789Z"],"workRunningCount":1}
[debug] [2025-08-24T14:53:34.790Z] Accepted request GET /contact-app-1ba11/us-central1/helloWorldReq --> us-central1-helloWorldReq
[debug] [2025-08-24T14:53:34.790Z] [functions] Runtime ready! Sending request! {"metadata":{"emulator":{"name":"functions"},"message":"[functions] Runtime ready! Sending request!"}}
[debug] [2025-08-24T14:53:34.791Z] [functions] Got req.url=/contact-app-1ba11/us-central1/helloWorldReq, mapping to path=/ {"metadata":{"emulator":{"name":"functions"},"message":"[functions] Got req.url=/contact-app-1ba11/us-central1/helloWorldReq, mapping to path=/"}}
[debug] [2025-08-24T14:53:34.799Z] [worker-pool] addWorker(us-central1-helloWorldReq) {"metadata":{"emulator":{"name":"functions"},"message":"[worker-pool] addWorker(us-central1-helloWorldReq)"}}
[debug] [2025-08-24T14:53:34.800Z] [worker-pool] Adding worker with key us-central1-helloWorldReq, total=1 {"metadata":{"emulator":{"name":"functions"},"message":"[worker-pool] Adding worker with key us-central1-helloWorldReq, total=1"}}
[debug] [2025-08-24T14:53:34.855Z] [work-queue] {"queuedWork":["/contact-app-1ba11/us-central1/helloWorldCall-2025-08-24T14:53:34.855Z"],"queueLength":1,"runningWork":["/contact-app-1ba11/us-central1/helloWorldReq-2025-08-24T14:53:34.789Z"],"workRunningCount":1}
[debug] [2025-08-24T14:53:34.856Z] [work-queue] {"queuedWork":[],"queueLength":0,"runningWork":["/contact-app-1ba11/us-central1/helloWorldReq-2025-08-24T14:53:34.789Z","/contact-app-1ba11/us-central1/helloWorldCall-2025-08-24T14:53:34.855Z"],"workRunningCount":2}
[debug] [2025-08-24T14:53:34.856Z] Accepted request OPTIONS /contact-app-1ba11/us-central1/helloWorldCall --> us-central1-helloWorldCall
[debug] [2025-08-24T14:53:34.856Z] [functions] Runtime ready! Sending request! {"metadata":{"emulator":{"name":"functions"},"message":"[functions] Runtime ready! Sending request!"}}
[debug] [2025-08-24T14:53:34.857Z] [functions] Got req.url=/contact-app-1ba11/us-central1/helloWorldCall, mapping to path=/ {"metadata":{"emulator":{"name":"functions"},"message":"[functions] Got req.url=/contact-app-1ba11/us-central1/helloWorldCall, mapping to path=/"}}
[debug] [2025-08-24T14:53:34.865Z] [worker-pool] addWorker(us-central1-helloWorldCall) {"metadata":{"emulator":{"name":"functions"},"message":"[worker-pool] addWorker(us-central1-helloWorldCall)"}}
[debug] [2025-08-24T14:53:34.866Z] [worker-pool] Adding worker with key us-central1-helloWorldCall, total=1 {"metadata":{"emulator":{"name":"functions"},"message":"[worker-pool] Adding worker with key us-central1-helloWorldCall, total=1"}}
[debug] [2025-08-24T14:53:35.921Z] [runtime-status] [2428] Resolved module firebase-admin {"declared":true,"installed":true,"version":"12.7.0","resolution":"D:\\nahaus\\contact-app\\functions\\node_modules\\firebase-admin\\lib\\index.js"} {"metadata":{"emulator":{"name":"functions"},"function":{"name":"us-central1-helloWorldReq"},"extension":{},"message":"[runtime-status] [2428] Resolved module firebase-admin {\"declared\":true,\"installed\":true,\"version\":\"12.7.0\",\"resolution\":\"D:\\\\nahaus\\\\contact-app\\\\functions\\\\node_modules\\\\firebase-admin\\\\lib\\\\index.js\"}"}}
[debug] [2025-08-24T14:53:35.921Z] [runtime-status] [2428] Resolved module firebase-functions {"declared":true,"installed":true,"version":"6.4.0","resolution":"D:\\nahaus\\contact-app\\functions\\node_modules\\firebase-functions\\lib\\v2\\index.js"} {"metadata":{"emulator":{"name":"functions"},"function":{"name":"us-central1-helloWorldReq"},"extension":{},"message":"[runtime-status] [2428] Resolved module firebase-functions {\"declared\":true,\"installed\":true,\"version\":\"6.4.0\",\"resolution\":\"D:\\\\nahaus\\\\contact-app\\\\functions\\\\node_modules\\\\firebase-functions\\\\lib\\\\v2\\\\index.js\"}"}}
[debug] [2025-08-24T14:53:35.922Z] [runtime-status] [2428] Outgoing network have been stubbed. [{"name":"http","status":"mocked"},{"name":"http","status":"mocked"},{"name":"https","status":"mocked"},{"name":"https","status":"mocked"},{"name":"net","status":"mocked"}] {"metadata":{"emulator":{"name":"functions"},"function":{"name":"us-central1-helloWorldReq"},"extension":{},"message":"[runtime-status] [2428] Outgoing network have been stubbed. [{\"name\":\"http\",\"status\":\"mocked\"},{\"name\":\"http\",\"status\":\"mocked\"},{\"name\":\"https\",\"status\":\"mocked\"},{\"name\":\"https\",\"status\":\"mocked\"},{\"name\":\"net\",\"status\":\"mocked\"}]"}}
[debug] [2025-08-24T14:53:35.922Z] [runtime-status] [2428] Resolved module firebase-functions {"declared":true,"installed":true,"version":"6.4.0","resolution":"D:\\nahaus\\contact-app\\functions\\node_modules\\firebase-functions\\lib\\v2\\index.js"} {"metadata":{"emulator":{"name":"functions"},"function":{"name":"us-central1-helloWorldReq"},"extension":{},"message":"[runtime-status] [2428] Resolved module firebase-functions {\"declared\":true,\"installed\":true,\"version\":\"6.4.0\",\"resolution\":\"D:\\\\nahaus\\\\contact-app\\\\functions\\\\node_modules\\\\firebase-functions\\\\lib\\\\v2\\\\index.js\"}"}}
[debug] [2025-08-24T14:53:35.925Z] [runtime-status] [13712] Resolved module firebase-admin {"declared":true,"installed":true,"version":"12.7.0","resolution":"D:\\nahaus\\contact-app\\functions\\node_modules\\firebase-admin\\lib\\index.js"} {"metadata":{"emulator":{"name":"functions"},"function":{"name":"us-central1-helloWorldCall"},"extension":{},"message":"[runtime-status] [13712] Resolved module firebase-admin {\"declared\":true,\"installed\":true,\"version\":\"12.7.0\",\"resolution\":\"D:\\\\nahaus\\\\contact-app\\\\functions\\\\node_modules\\\\firebase-admin\\\\lib\\\\index.js\"}"}}
[debug] [2025-08-24T14:53:35.926Z] [runtime-status] [13712] Resolved module firebase-functions {"declared":true,"installed":true,"version":"6.4.0","resolution":"D:\\nahaus\\contact-app\\functions\\node_modules\\firebase-functions\\lib\\v2\\index.js"} {"metadata":{"emulator":{"name":"functions"},"function":{"name":"us-central1-helloWorldCall"},"extension":{},"message":"[runtime-status] [13712] Resolved module firebase-functions {\"declared\":true,\"installed\":true,\"version\":\"6.4.0\",\"resolution\":\"D:\\\\nahaus\\\\contact-app\\\\functions\\\\node_modules\\\\firebase-functions\\\\lib\\\\v2\\\\index.js\"}"}}
[debug] [2025-08-24T14:53:35.926Z] [runtime-status] [13712] Outgoing network have been stubbed. [{"name":"http","status":"mocked"},{"name":"http","status":"mocked"},{"name":"https","status":"mocked"},{"name":"https","status":"mocked"},{"name":"net","status":"mocked"}] {"metadata":{"emulator":{"name":"functions"},"function":{"name":"us-central1-helloWorldCall"},"extension":{},"message":"[runtime-status] [13712] Outgoing network have been stubbed. [{\"name\":\"http\",\"status\":\"mocked\"},{\"name\":\"http\",\"status\":\"mocked\"},{\"name\":\"https\",\"status\":\"mocked\"},{\"name\":\"https\",\"status\":\"mocked\"},{\"name\":\"net\",\"status\":\"mocked\"}]"}}
[debug] [2025-08-24T14:53:35.927Z] [runtime-status] [13712] Resolved module firebase-functions {"declared":true,"installed":true,"version":"6.4.0","resolution":"D:\\nahaus\\contact-app\\functions\\node_modules\\firebase-functions\\lib\\v2\\index.js"} {"metadata":{"emulator":{"name":"functions"},"function":{"name":"us-central1-helloWorldCall"},"extension":{},"message":"[runtime-status] [13712] Resolved module firebase-functions {\"declared\":true,\"installed\":true,\"version\":\"6.4.0\",\"resolution\":\"D:\\\\nahaus\\\\contact-app\\\\functions\\\\node_modules\\\\firebase-functions\\\\lib\\\\v2\\\\index.js\"}"}}
[debug] [2025-08-24T14:53:36.175Z] [runtime-status] [13712] Checked functions.config() {"config":{}} {"metadata":{"emulator":{"name":"functions"},"function":{"name":"us-central1-helloWorldCall"},"extension":{},"message":"[runtime-status] [13712] Checked functions.config() {\"config\":{}}"}}
[debug] [2025-08-24T14:53:36.175Z] [runtime-status] [13712] firebase-functions has been stubbed. {"functionsResolution":{"declared":true,"installed":true,"version":"6.4.0","resolution":"D:\\nahaus\\contact-app\\functions\\node_modules\\firebase-functions\\lib\\v2\\index.js"}} {"metadata":{"emulator":{"name":"functions"},"function":{"name":"us-central1-helloWorldCall"},"extension":{},"message":"[runtime-status] [13712] firebase-functions has been stubbed. {\"functionsResolution\":{\"declared\":true,\"installed\":true,\"version\":\"6.4.0\",\"resolution\":\"D:\\\\nahaus\\\\contact-app\\\\functions\\\\node_modules\\\\firebase-functions\\\\lib\\\\v2\\\\index.js\"}}"}}
[debug] [2025-08-24T14:53:36.175Z] [runtime-status] [13712] Resolved module firebase-functions {"declared":true,"installed":true,"version":"6.4.0","resolution":"D:\\nahaus\\contact-app\\functions\\node_modules\\firebase-functions\\lib\\v2\\index.js"} {"metadata":{"emulator":{"name":"functions"},"function":{"name":"us-central1-helloWorldCall"},"extension":{},"message":"[runtime-status] [13712] Resolved module firebase-functions {\"declared\":true,\"installed\":true,\"version\":\"6.4.0\",\"resolution\":\"D:\\\\nahaus\\\\contact-app\\\\functions\\\\node_modules\\\\firebase-functions\\\\lib\\\\v2\\\\index.js\"}"}}
[debug] [2025-08-24T14:53:36.178Z] [runtime-status] [13712] Resolved module firebase-admin {"declared":true,"installed":true,"version":"12.7.0","resolution":"D:\\nahaus\\contact-app\\functions\\node_modules\\firebase-admin\\lib\\index.js"} {"metadata":{"emulator":{"name":"functions"},"function":{"name":"us-central1-helloWorldCall"},"extension":{},"message":"[runtime-status] [13712] Resolved module firebase-admin {\"declared\":true,\"installed\":true,\"version\":\"12.7.0\",\"resolution\":\"D:\\\\nahaus\\\\contact-app\\\\functions\\\\node_modules\\\\firebase-admin\\\\lib\\\\index.js\"}"}}
[debug] [2025-08-24T14:53:36.180Z] [runtime-status] [13712] Resolved module firebase-functions {"declared":true,"installed":true,"version":"6.4.0","resolution":"D:\\nahaus\\contact-app\\functions\\node_modules\\firebase-functions\\lib\\v2\\index.js"} {"metadata":{"emulator":{"name":"functions"},"function":{"name":"us-central1-helloWorldCall"},"extension":{},"message":"[runtime-status] [13712] Resolved module firebase-functions {\"declared\":true,\"installed\":true,\"version\":\"6.4.0\",\"resolution\":\"D:\\\\nahaus\\\\contact-app\\\\functions\\\\node_modules\\\\firebase-functions\\\\lib\\\\v2\\\\index.js\"}"}}
[debug] [2025-08-24T14:53:36.180Z] [runtime-status] [13712] firebase-admin has been stubbed. {"adminResolution":{"declared":true,"installed":true,"version":"12.7.0","resolution":"D:\\nahaus\\contact-app\\functions\\node_modules\\firebase-admin\\lib\\index.js"}} {"metadata":{"emulator":{"name":"functions"},"function":{"name":"us-central1-helloWorldCall"},"extension":{},"message":"[runtime-status] [13712] firebase-admin has been stubbed. {\"adminResolution\":{\"declared\":true,\"installed\":true,\"version\":\"12.7.0\",\"resolution\":\"D:\\\\nahaus\\\\contact-app\\\\functions\\\\node_modules\\\\firebase-admin\\\\lib\\\\index.js\"}}"}}
[debug] [2025-08-24T14:53:36.190Z] [runtime-status] [2428] Checked functions.config() {"config":{}} {"metadata":{"emulator":{"name":"functions"},"function":{"name":"us-central1-helloWorldReq"},"extension":{},"message":"[runtime-status] [2428] Checked functions.config() {\"config\":{}}"}}
[debug] [2025-08-24T14:53:36.190Z] [runtime-status] [13712] Functions runtime initialized. {"cwd":"D:\\nahaus\\contact-app\\functions","node_version":"22.14.0"} {"metadata":{"emulator":{"name":"functions"},"function":{"name":"us-central1-helloWorldCall"},"extension":{},"message":"[runtime-status] [13712] Functions runtime initialized. {\"cwd\":\"D:\\\\nahaus\\\\contact-app\\\\functions\",\"node_version\":\"22.14.0\"}"}}
[debug] [2025-08-24T14:53:36.191Z] [runtime-status] [2428] firebase-functions has been stubbed. {"functionsResolution":{"declared":true,"installed":true,"version":"6.4.0","resolution":"D:\\nahaus\\contact-app\\functions\\node_modules\\firebase-functions\\lib\\v2\\index.js"}} {"metadata":{"emulator":{"name":"functions"},"function":{"name":"us-central1-helloWorldReq"},"extension":{},"message":"[runtime-status] [2428] firebase-functions has been stubbed. {\"functionsResolution\":{\"declared\":true,\"installed\":true,\"version\":\"6.4.0\",\"resolution\":\"D:\\\\nahaus\\\\contact-app\\\\functions\\\\node_modules\\\\firebase-functions\\\\lib\\\\v2\\\\index.js\"}}"}}
[debug] [2025-08-24T14:53:36.191Z] [runtime-status] [13712] Listening to port: \\?\pipe\fire_emu_b4969694e606c00b {"metadata":{"emulator":{"name":"functions"},"function":{"name":"us-central1-helloWorldCall"},"extension":{},"message":"[runtime-status] [13712] Listening to port: \\\\?\\pipe\\fire_emu_b4969694e606c00b"}}
[debug] [2025-08-24T14:53:36.192Z] [runtime-status] [2428] Resolved module firebase-functions {"declared":true,"installed":true,"version":"6.4.0","resolution":"D:\\nahaus\\contact-app\\functions\\node_modules\\firebase-functions\\lib\\v2\\index.js"} {"metadata":{"emulator":{"name":"functions"},"function":{"name":"us-central1-helloWorldReq"},"extension":{},"message":"[runtime-status] [2428] Resolved module firebase-functions {\"declared\":true,\"installed\":true,\"version\":\"6.4.0\",\"resolution\":\"D:\\\\nahaus\\\\contact-app\\\\functions\\\\node_modules\\\\firebase-functions\\\\lib\\\\v2\\\\index.js\"}"}}
[debug] [2025-08-24T14:53:36.194Z] [runtime-status] [2428] Resolved module firebase-admin {"declared":true,"installed":true,"version":"12.7.0","resolution":"D:\\nahaus\\contact-app\\functions\\node_modules\\firebase-admin\\lib\\index.js"} {"metadata":{"emulator":{"name":"functions"},"function":{"name":"us-central1-helloWorldReq"},"extension":{},"message":"[runtime-status] [2428] Resolved module firebase-admin {\"declared\":true,\"installed\":true,\"version\":\"12.7.0\",\"resolution\":\"D:\\\\nahaus\\\\contact-app\\\\functions\\\\node_modules\\\\firebase-admin\\\\lib\\\\index.js\"}"}}
[debug] [2025-08-24T14:53:36.197Z] [runtime-status] [2428] Resolved module firebase-functions {"declared":true,"installed":true,"version":"6.4.0","resolution":"D:\\nahaus\\contact-app\\functions\\node_modules\\firebase-functions\\lib\\v2\\index.js"} {"metadata":{"emulator":{"name":"functions"},"function":{"name":"us-central1-helloWorldReq"},"extension":{},"message":"[runtime-status] [2428] Resolved module firebase-functions {\"declared\":true,\"installed\":true,\"version\":\"6.4.0\",\"resolution\":\"D:\\\\nahaus\\\\contact-app\\\\functions\\\\node_modules\\\\firebase-functions\\\\lib\\\\v2\\\\index.js\"}"}}
[debug] [2025-08-24T14:53:36.197Z] [runtime-status] [2428] firebase-admin has been stubbed. {"adminResolution":{"declared":true,"installed":true,"version":"12.7.0","resolution":"D:\\nahaus\\contact-app\\functions\\node_modules\\firebase-admin\\lib\\index.js"}} {"metadata":{"emulator":{"name":"functions"},"function":{"name":"us-central1-helloWorldReq"},"extension":{},"message":"[runtime-status] [2428] firebase-admin has been stubbed. {\"adminResolution\":{\"declared\":true,\"installed\":true,\"version\":\"12.7.0\",\"resolution\":\"D:\\\\nahaus\\\\contact-app\\\\functions\\\\node_modules\\\\firebase-admin\\\\lib\\\\index.js\"}}"}}
[debug] [2025-08-24T14:53:36.202Z] [runtime-status] [2428] Functions runtime initialized. {"cwd":"D:\\nahaus\\contact-app\\functions","node_version":"22.14.0"} {"metadata":{"emulator":{"name":"functions"},"function":{"name":"us-central1-helloWorldReq"},"extension":{},"message":"[runtime-status] [2428] Functions runtime initialized. {\"cwd\":\"D:\\\\nahaus\\\\contact-app\\\\functions\",\"node_version\":\"22.14.0\"}"}}
[debug] [2025-08-24T14:53:36.202Z] [runtime-status] [2428] Listening to port: \\?\pipe\fire_emu_6464a0c82ff7924f {"metadata":{"emulator":{"name":"functions"},"function":{"name":"us-central1-helloWorldReq"},"extension":{},"message":"[runtime-status] [2428] Listening to port: \\\\?\\pipe\\fire_emu_6464a0c82ff7924f"}}
[debug] [2025-08-24T14:53:36.235Z] [worker-us-central1-helloWorldCall-938e5373-0076-4a6a-9bca-8b9641ec0f46]: IDLE {"metadata":{"emulator":{"name":"functions"},"function":{"name":"us-central1-helloWorldCall"},"extension":{},"message":"[worker-us-central1-helloWorldCall-938e5373-0076-4a6a-9bca-8b9641ec0f46]: IDLE"}}
[debug] [2025-08-24T14:53:36.236Z] [worker-pool] submitRequest(triggerId=us-central1-helloWorldCall) {"metadata":{"emulator":{"name":"functions"},"message":"[worker-pool] submitRequest(triggerId=us-central1-helloWorldCall)"}}
[info] i  functions: Beginning execution of "us-central1-helloWorldCall" {"metadata":{"emulator":{"name":"functions"},"function":{"name":"us-central1-helloWorldCall"},"extension":{},"message":"Beginning execution of \"us-central1-helloWorldCall\""}}
[debug] [2025-08-24T14:53:36.237Z] [worker-us-central1-helloWorldCall-938e5373-0076-4a6a-9bca-8b9641ec0f46]: BUSY {"metadata":{"emulator":{"name":"functions"},"function":{"name":"us-central1-helloWorldCall"},"extension":{},"message":"[worker-us-central1-helloWorldCall-938e5373-0076-4a6a-9bca-8b9641ec0f46]: BUSY"}}
[debug] [2025-08-24T14:53:36.240Z] Finishing up request with event=pause {"metadata":{"emulator":{"name":"functions"},"function":{"name":"us-central1-helloWorldCall"},"extension":{},"message":"Finishing up request with event=pause"}}
[info] i  functions: Finished "us-central1-helloWorldCall" in 3.284ms {"metadata":{"emulator":{"name":"functions"},"function":{"name":"us-central1-helloWorldCall"},"extension":{},"message":"Finished \"us-central1-helloWorldCall\" in 3.284ms"}}
[debug] [2025-08-24T14:53:36.241Z] [worker-us-central1-helloWorldCall-938e5373-0076-4a6a-9bca-8b9641ec0f46]: IDLE {"metadata":{"emulator":{"name":"functions"},"function":{"name":"us-central1-helloWorldCall"},"extension":{},"message":"[worker-us-central1-helloWorldCall-938e5373-0076-4a6a-9bca-8b9641ec0f46]: IDLE"}}
[debug] [2025-08-24T14:53:36.241Z] Finishing up request with event=finish {"metadata":{"emulator":{"name":"functions"},"function":{"name":"us-central1-helloWorldCall"},"extension":{},"message":"Finishing up request with event=finish"}}
[debug] [2025-08-24T14:53:36.241Z] Finishing up request with event=close {"metadata":{"emulator":{"name":"functions"},"function":{"name":"us-central1-helloWorldCall"},"extension":{},"message":"Finishing up request with event=close"}}
[debug] [2025-08-24T14:53:36.241Z] [work-queue] {"queuedWork":[],"queueLength":0,"runningWork":["/contact-app-1ba11/us-central1/helloWorldReq-2025-08-24T14:53:34.789Z"],"workRunningCount":1}
[debug] [2025-08-24T14:53:36.241Z] [work-queue] {"queuedWork":["/contact-app-1ba11/us-central1/helloWorldCall-2025-08-24T14:53:36.241Z"],"queueLength":1,"runningWork":["/contact-app-1ba11/us-central1/helloWorldReq-2025-08-24T14:53:34.789Z"],"workRunningCount":1}
[debug] [2025-08-24T14:53:36.242Z] [work-queue] {"queuedWork":[],"queueLength":0,"runningWork":["/contact-app-1ba11/us-central1/helloWorldReq-2025-08-24T14:53:34.789Z","/contact-app-1ba11/us-central1/helloWorldCall-2025-08-24T14:53:36.241Z"],"workRunningCount":2}
[debug] [2025-08-24T14:53:36.242Z] Accepted request POST /contact-app-1ba11/us-central1/helloWorldCall --> us-central1-helloWorldCall
[debug] [2025-08-24T14:53:36.242Z] [functions] Runtime ready! Sending request! {"metadata":{"emulator":{"name":"functions"},"message":"[functions] Runtime ready! Sending request!"}}
[debug] [2025-08-24T14:53:36.242Z] [functions] Got req.url=/contact-app-1ba11/us-central1/helloWorldCall, mapping to path=/ {"metadata":{"emulator":{"name":"functions"},"message":"[functions] Got req.url=/contact-app-1ba11/us-central1/helloWorldCall, mapping to path=/"}}
[debug] [2025-08-24T14:53:36.242Z] [worker-pool] submitRequest(triggerId=us-central1-helloWorldCall) {"metadata":{"emulator":{"name":"functions"},"message":"[worker-pool] submitRequest(triggerId=us-central1-helloWorldCall)"}}
[info] i  functions: Beginning execution of "us-central1-helloWorldCall" {"metadata":{"emulator":{"name":"functions"},"function":{"name":"us-central1-helloWorldCall"},"extension":{},"message":"Beginning execution of \"us-central1-helloWorldCall\""}}
[debug] [2025-08-24T14:53:36.243Z] [worker-us-central1-helloWorldCall-938e5373-0076-4a6a-9bca-8b9641ec0f46]: BUSY {"metadata":{"emulator":{"name":"functions"},"function":{"name":"us-central1-helloWorldCall"},"extension":{},"message":"[worker-us-central1-helloWorldCall-938e5373-0076-4a6a-9bca-8b9641ec0f46]: BUSY"}}
[info] >  {"verifications":{"app":"MISSING","auth":"MISSING"},"logging.googleapis.com/labels":{"firebase-log-type":"callable-request-verification"},"severity":"DEBUG","message":"Callable request verification passed"} {"user":{"verifications":{"app":"MISSING","auth":"MISSING"},"logging.googleapis.com/labels":{"firebase-log-type":"callable-request-verification"},"severity":"DEBUG","message":"Callable request verification passed"},"metadata":{"emulator":{"name":"functions"},"function":{"name":"us-central1-helloWorldCall"},"extension":{},"message":"\u001b[90m> \u001b[39m {\"verifications\":{\"app\":\"MISSING\",\"auth\":\"MISSING\"},\"logging.googleapis.com/labels\":{\"firebase-log-type\":\"callable-request-verification\"},\"severity\":\"DEBUG\",\"message\":\"Callable request verification passed\"}"}}
[debug] [2025-08-24T14:53:36.256Z] Finishing up request with event=pause {"metadata":{"emulator":{"name":"functions"},"function":{"name":"us-central1-helloWorldCall"},"extension":{},"message":"Finishing up request with event=pause"}}
[info] i  functions: Finished "us-central1-helloWorldCall" in 13.2672ms {"metadata":{"emulator":{"name":"functions"},"function":{"name":"us-central1-helloWorldCall"},"extension":{},"message":"Finished \"us-central1-helloWorldCall\" in 13.2672ms"}}
[debug] [2025-08-24T14:53:36.256Z] [worker-us-central1-helloWorldCall-938e5373-0076-4a6a-9bca-8b9641ec0f46]: IDLE {"metadata":{"emulator":{"name":"functions"},"function":{"name":"us-central1-helloWorldCall"},"extension":{},"message":"[worker-us-central1-helloWorldCall-938e5373-0076-4a6a-9bca-8b9641ec0f46]: IDLE"}}
[debug] [2025-08-24T14:53:36.256Z] Finishing up request with event=finish {"metadata":{"emulator":{"name":"functions"},"function":{"name":"us-central1-helloWorldCall"},"extension":{},"message":"Finishing up request with event=finish"}}
[debug] [2025-08-24T14:53:36.257Z] Finishing up request with event=close {"metadata":{"emulator":{"name":"functions"},"function":{"name":"us-central1-helloWorldCall"},"extension":{},"message":"Finishing up request with event=close"}}
[debug] [2025-08-24T14:53:36.257Z] [work-queue] {"queuedWork":[],"queueLength":0,"runningWork":["/contact-app-1ba11/us-central1/helloWorldReq-2025-08-24T14:53:34.789Z"],"workRunningCount":1}
[debug] [2025-08-24T14:53:36.300Z] [worker-us-central1-helloWorldReq-bcacd3be-c975-41d3-9f05-c7b1fe3ce857]: IDLE {"metadata":{"emulator":{"name":"functions"},"function":{"name":"us-central1-helloWorldReq"},"extension":{},"message":"[worker-us-central1-helloWorldReq-bcacd3be-c975-41d3-9f05-c7b1fe3ce857]: IDLE"}}
[debug] [2025-08-24T14:53:36.300Z] [worker-pool] submitRequest(triggerId=us-central1-helloWorldReq) {"metadata":{"emulator":{"name":"functions"},"message":"[worker-pool] submitRequest(triggerId=us-central1-helloWorldReq)"}}
[info] i  functions: Beginning execution of "us-central1-helloWorldReq" {"metadata":{"emulator":{"name":"functions"},"function":{"name":"us-central1-helloWorldReq"},"extension":{},"message":"Beginning execution of \"us-central1-helloWorldReq\""}}
[debug] [2025-08-24T14:53:36.301Z] [worker-us-central1-helloWorldReq-bcacd3be-c975-41d3-9f05-c7b1fe3ce857]: BUSY {"metadata":{"emulator":{"name":"functions"},"function":{"name":"us-central1-helloWorldReq"},"extension":{},"message":"[worker-us-central1-helloWorldReq-bcacd3be-c975-41d3-9f05-c7b1fe3ce857]: BUSY"}}
[debug] [2025-08-24T14:53:36.305Z] Finishing up request with event=pause {"metadata":{"emulator":{"name":"functions"},"function":{"name":"us-central1-helloWorldReq"},"extension":{},"message":"Finishing up request with event=pause"}}
[info] i  functions: Finished "us-central1-helloWorldReq" in 4.2979ms {"metadata":{"emulator":{"name":"functions"},"function":{"name":"us-central1-helloWorldReq"},"extension":{},"message":"Finished \"us-central1-helloWorldReq\" in 4.2979ms"}}
[debug] [2025-08-24T14:53:36.305Z] [worker-us-central1-helloWorldReq-bcacd3be-c975-41d3-9f05-c7b1fe3ce857]: IDLE {"metadata":{"emulator":{"name":"functions"},"function":{"name":"us-central1-helloWorldReq"},"extension":{},"message":"[worker-us-central1-helloWorldReq-bcacd3be-c975-41d3-9f05-c7b1fe3ce857]: IDLE"}}
[debug] [2025-08-24T14:53:36.306Z] Finishing up request with event=finish {"metadata":{"emulator":{"name":"functions"},"function":{"name":"us-central1-helloWorldReq"},"extension":{},"message":"Finishing up request with event=finish"}}
[debug] [2025-08-24T14:53:36.306Z] Finishing up request with event=close {"metadata":{"emulator":{"name":"functions"},"function":{"name":"us-central1-helloWorldReq"},"extension":{},"message":"Finishing up request with event=close"}}
[debug] [2025-08-24T14:53:36.306Z] [work-queue] {"queuedWork":[],"queueLength":0,"runningWork":[],"workRunningCount":0}
